2023-04-03 12:48:03,080 INFO notifyConnectTimeout:200

2023-04-03 12:48:03,167 INFO notifySocketTimeout:8000

2023-04-03 12:48:03,167 INFO isHealthCheck:true

2023-04-03 12:48:03,168 INFO maxHealthCheckFailCount:12

2023-04-03 12:48:03,168 INFO maxContent:10485760

2023-04-03 12:48:09,843 INFO Schema 'NACOS' already exists.

2023-04-03 12:48:10,208 INFO Table/View 'CONFIG_INFO' already exists in Schema 'NACOS'.

2023-04-03 12:48:10,562 INFO Table/View 'HIS_CONFIG_INFO' already exists in Schema 'NACOS'.

2023-04-03 12:48:10,652 INFO Table/View 'CONFIG_INFO_BETA' already exists in Schema 'NACOS'.

2023-04-03 12:48:10,749 INFO Table/View 'CONFIG_INFO_TAG' already exists in Schema 'NACOS'.

2023-04-03 12:48:10,797 INFO Table/View 'CONFIG_INFO_AGGR' already exists in Schema 'NACOS'.

2023-04-03 12:48:10,854 INFO Table/View 'APP_LIST' already exists in Schema 'NACOS'.

2023-04-03 12:48:10,939 INFO Table/View 'APP_CONFIGDATA_RELATION_SUBS' already exists in Schema 'NACOS'.

2023-04-03 12:48:10,990 INFO Table/View 'APP_CONFIGDATA_RELATION_PUBS' already exists in Schema 'NACOS'.

2023-04-03 12:48:11,069 INFO Table/View 'CONFIG_TAGS_RELATION' already exists in Schema 'NACOS'.

2023-04-03 12:48:11,121 INFO Table/View 'GROUP_CAPACITY' already exists in Schema 'NACOS'.

2023-04-03 12:48:11,160 INFO Table/View 'TENANT_CAPACITY' already exists in Schema 'NACOS'.

2023-04-03 12:48:11,192 INFO Table/View 'TENANT_INFO' already exists in Schema 'NACOS'.

2023-04-03 12:48:11,262 INFO Table/View 'USERS' already exists in Schema 'NACOS'.

2023-04-03 12:48:11,311 INFO Table/View 'ROLES' already exists in Schema 'NACOS'.

2023-04-03 12:48:11,348 INFO Table/View 'PERMISSIONS' already exists in Schema 'NACOS'.

2023-04-03 12:48:11,743 INFO The statement was aborted because it would have caused a duplicate key value in a unique or primary key constraint or unique index identified by 'SQL230311185207610' defined on 'USERS'.

2023-04-03 12:48:11,768 INFO The statement was aborted because it would have caused a duplicate key value in a unique or primary key constraint or unique index identified by 'UK_USERNAME_ROLE' defined on 'ROLES'.

2023-04-03 12:48:21,145 INFO ServerListService address-server port:8080

2023-04-03 12:48:21,145 INFO ADDRESS_SERVER_URL:http://jmenv.tbsite.net:8080/nacos/serverlist

2023-04-03 12:48:21,156 WARN [serverlist] updated to [192.168.31.184:8848]

2023-04-03 12:48:21,623 WARN DumpService start

2023-04-03 12:48:21,635 INFO start clear all config-info.

2023-04-03 12:48:21,650 WARN clear all config-info failed.

2023-04-03 12:48:21,651 WARN clear all config-info-tenant failed.

2023-04-03 12:48:22,162 INFO [all-dump] 16 / 16

2023-04-03 12:48:22,162 INFO start clear all config-info-beta.

2023-04-03 12:48:22,162 WARN clear all config-info-beta failed.

2023-04-03 12:48:22,162 WARN clear all config-info-beta-tenant failed.

2023-04-03 12:48:22,239 INFO start clear all config-info-tag.

2023-04-03 12:48:22,240 WARN clear all config-info-tag failed.

2023-04-03 12:48:22,240 WARN clear all config-info-tag-tenant failed.

